<?xml version="1.0" encoding="UTF-8"?>
<!-- Generated by org.testng.reporters.JUnitXMLReporter -->
<testsuite ignored="0" hostname="Vasant" failures="0" tests="3" name="Default test" time="26.671" errors="0" timestamp="2025-01-03T11:03:56 IST">
  <testcase classname="com.vittech.inetbanking.testcases.HomePageTC" name="validateUserLandedOnHomePage" time="4.561"/>
  <testcase classname="com.vittech.inetbanking.testcases.HomePageTC" name="homePageTitleTC" time="0.03"/>
  <testcase classname="com.vittech.inetbanking.testcases.HomePageTC" name="clickOnManagerLink" time="0.849"/>
</testsuite> <!-- Default test -->
