<?xml version="1.0" encoding="UTF-8"?>
<testng-results ignored="0" total="3" passed="3" failed="0" skipped="0">
  <reporter-output>
  </reporter-output>
  <suite started-at="2025-01-03T11:03:29 IST" name="Default suite" finished-at="2025-01-03T11:03:56 IST" duration-ms="26671">
    <groups>
    </groups>
    <test started-at="2025-01-03T11:03:29 IST" name="Default test" finished-at="2025-01-03T11:03:56 IST" duration-ms="26671">
      <class name="com.vittech.inetbanking.testcases.HomePageTC">
        <test-method is-config="true" signature="init()[pri:0, instance:com.vittech.inetbanking.testcases.HomePageTC@5e5d171f]" started-at="2025-01-03T11:03:27 IST" name="init" finished-at="2025-01-03T11:03:29 IST" duration-ms="2347" status="PASS">
          <reporter-output>
          </reporter-output>
        </test-method> <!-- init -->
        <test-method is-config="true" signature="setUP()[pri:0, instance:com.vittech.inetbanking.testcases.HomePageTC@5e5d171f]" started-at="2025-01-03T11:03:30 IST" name="setUP" finished-at="2025-01-03T11:03:49 IST" duration-ms="19791" status="PASS">
          <reporter-output>
          </reporter-output>
        </test-method> <!-- setUP -->
        <test-method signature="validateUserLandedOnHomePage()[pri:1, instance:com.vittech.inetbanking.testcases.HomePageTC@5e5d171f]" started-at="2025-01-03T11:03:49 IST" name="validateUserLandedOnHomePage" finished-at="2025-01-03T11:03:54 IST" duration-ms="4561" status="PASS">
          <reporter-output>
          </reporter-output>
        </test-method> <!-- validateUserLandedOnHomePage -->
        <test-method signature="homePageTitleTC()[pri:2, instance:com.vittech.inetbanking.testcases.HomePageTC@5e5d171f]" started-at="2025-01-03T11:03:54 IST" name="homePageTitleTC" finished-at="2025-01-03T11:03:54 IST" duration-ms="30" status="PASS">
          <reporter-output>
          </reporter-output>
        </test-method> <!-- homePageTitleTC -->
        <test-method signature="clickOnManagerLink()[pri:3, instance:com.vittech.inetbanking.testcases.HomePageTC@5e5d171f]" started-at="2025-01-03T11:03:54 IST" name="clickOnManagerLink" finished-at="2025-01-03T11:03:55 IST" duration-ms="849" status="PASS">
          <reporter-output>
          </reporter-output>
        </test-method> <!-- clickOnManagerLink -->
        <test-method is-config="true" signature="tearDown()[pri:0, instance:com.vittech.inetbanking.testcases.HomePageTC@5e5d171f]" started-at="2025-01-03T11:03:55 IST" name="tearDown" finished-at="2025-01-03T11:03:56 IST" duration-ms="1307" status="PASS">
          <reporter-output>
          </reporter-output>
        </test-method> <!-- tearDown -->
      </class> <!-- com.vittech.inetbanking.testcases.HomePageTC -->
    </test> <!-- Default test -->
  </suite> <!-- Default suite -->
</testng-results>
